<?xml version="1.0" encoding="UTF-8"?>
<coverage generated="1699473724647" clover="3.2.0">
  <project timestamp="1699473724648" name="All files">
    <metrics statements="18" coveredstatements="18" conditionals="6" coveredconditionals="4" methods="2" coveredmethods="2" elements="26" coveredelements="24" complexity="0" loc="18" ncloc="18" packages="2" files="3" classes="3"/>
    <package name="api">
      <metrics statements="10" coveredstatements="10" conditionals="4" coveredconditionals="2" methods="1" coveredmethods="1"/>
      <file name="constants.js" path="C:\Users\skyte\Documents\Front-end Utvikling\Skolepapirer\Innleveringer\Workflow\social-media-client\src\js\api\constants.js">
        <metrics statements="2" coveredstatements="2" conditionals="0" coveredconditionals="0" methods="0" coveredmethods="0"/>
        <line num="1" count="1" type="stmt"/>
        <line num="2" count="1" type="stmt"/>
      </file>
      <file name="headers.js" path="C:\Users\skyte\Documents\Front-end Utvikling\Skolepapirer\Innleveringer\Workflow\social-media-client\src\js\api\headers.js">
        <metrics statements="8" coveredstatements="8" conditionals="4" coveredconditionals="2" methods="1" coveredmethods="1"/>
        <line num="3" count="1" type="stmt"/>
        <line num="4" count="2" type="stmt"/>
        <line num="5" count="2" type="stmt"/>
        <line num="7" count="2" type="cond" truecount="1" falsecount="1"/>
        <line num="8" count="2" type="stmt"/>
        <line num="11" count="2" type="cond" truecount="1" falsecount="1"/>
        <line num="12" count="2" type="stmt"/>
        <line num="15" count="2" type="stmt"/>
      </file>
    </package>
    <package name="api.auth">
      <metrics statements="8" coveredstatements="8" conditionals="2" coveredconditionals="2" methods="1" coveredmethods="1"/>
      <file name="login.js" path="C:\Users\skyte\Documents\Front-end Utvikling\Skolepapirer\Innleveringer\Workflow\social-media-client\src\js\api\auth\login.js">
        <metrics statements="8" coveredstatements="8" conditionals="2" coveredconditionals="2" methods="1" coveredmethods="1"/>
        <line num="6" count="2" type="stmt"/>
        <line num="12" count="2" type="cond" truecount="2" falsecount="0"/>
        <line num="13" count="1" type="stmt"/>
        <line num="14" count="1" type="stmt"/>
        <line num="15" count="1" type="stmt"/>
        <line num="16" count="1" type="stmt"/>
        <line num="17" count="1" type="stmt"/>
        <line num="20" count="1" type="stmt"/>
      </file>
    </package>
  </project>
</coverage>
