{"C:\\Users\\skyte\\Documents\\Front-end Utvikling\\Skolepapirer\\Innleveringer\\Workflow\\social-media-client\\src\\js\\api\\auth\\logout.js": {"path":"C:\\Users\\skyte\\Documents\\Front-end Utvikling\\Skolepapirer\\Innleveringer\\Workflow\\social-media-client\\src\\js\\api\\auth\\logout.js","statementMap":{"0":{"start":{"line":4,"column":2},"end":{"line":4,"column":17}},"1":{"start":{"line":5,"column":2},"end":{"line":5,"column":19}}},"fnMap":{"0":{"name":"logout","decl":{"start":{"line":3,"column":16},"end":{"line":3,"column":22}},"loc":{"start":{"line":3,"column":25},"end":{"line":6,"column":1}},"line":3}},"branchMap":{},"s":{"0":1,"1":1},"f":{"0":1},"b":{},"_coverageSchema":"1a1c01bbd47fc00a2c39e90264f33305004495a9","hash":"564c498024bfb1c203347a3518d1ce7eba1febf6"}
}
